<?xml version="1.0" encoding="UTF-8"?>
<!-- Generated by org.testng.reporters.JUnitReportReporter -->
<testsuite hostname="SYNPYHYL02140FN" failures="0" tests="1" name="Selenium.Testex" time="11.133" errors="0" timestamp="2023-10-06T15:01:06 IST" skipped="0">
  <testcase classname="Selenium.Testex" name="exam" time="11.133"/>
</testsuite> <!-- Selenium.Testex -->
